[0515/114306.834:ERROR:audio_rtp_receiver.cc(89)] AudioRtpReceiver::OnSetVolume: No audio channel exists.
[0515/114306.834:WARNING:used_ids.h(55)] Duplicate id found. Reassigning from 104 to 127
[0515/114306.834:WARNING:used_ids.h(55)] Duplicate id found. Reassigning from 102 to 125
[0515/114306.834:WARNING:used_ids.h(55)] Duplicate id found. Reassigning from 104 to 124
[0515/114306.834:WARNING:used_ids.h(55)] Duplicate id found. Reassigning from 106 to 123
[0515/114306.834:WARNING:used_ids.h(55)] Duplicate id found. Reassigning from 103 to 122
[0515/114306.834:WARNING:used_ids.h(55)] Duplicate id found. Reassigning from 105 to 121
[0515/114306.834:WARNING:used_ids.h(55)] Duplicate id found. Reassigning from 109 to 120
[0515/114306.834:WARNING:used_ids.h(55)] Duplicate id found. Reassigning from 1 to 14
[0515/114306.834:WARNING:used_ids.h(55)] Duplicate id found. Reassigning from 3 to 13
[0515/114306.834:WARNING:used_ids.h(55)] Duplicate id found. Reassigning from 5 to 12
[0515/114306.834:WARNING:used_ids.h(55)] Duplicate id found. Reassigning from 6 to 11
[0515/114320.765:ERROR:audio_rtp_receiver.cc(89)] AudioRtpReceiver::OnSetVolume: No audio channel exists.
[0515/114320.765:WARNING:used_ids.h(55)] Duplicate id found. Reassigning from 104 to 127
[0515/114320.765:WARNING:used_ids.h(55)] Duplicate id found. Reassigning from 102 to 125
[0515/114320.765:WARNING:used_ids.h(55)] Duplicate id found. Reassigning from 104 to 124
[0515/114320.765:WARNING:used_ids.h(55)] Duplicate id found. Reassigning from 106 to 123
[0515/114320.765:WARNING:used_ids.h(55)] Duplicate id found. Reassigning from 103 to 122
[0515/114320.765:WARNING:used_ids.h(55)] Duplicate id found. Reassigning from 105 to 121
[0515/114320.765:WARNING:used_ids.h(55)] Duplicate id found. Reassigning from 109 to 120
[0515/114320.765:WARNING:used_ids.h(55)] Duplicate id found. Reassigning from 1 to 14
[0515/114320.765:WARNING:used_ids.h(55)] Duplicate id found. Reassigning from 3 to 13
[0515/114320.765:WARNING:used_ids.h(55)] Duplicate id found. Reassigning from 5 to 12
[0515/114320.765:WARNING:used_ids.h(55)] Duplicate id found. Reassigning from 6 to 11
[0515/114327.134:ERROR:audio_rtp_receiver.cc(89)] AudioRtpReceiver::OnSetVolume: No audio channel exists.
[0515/114327.134:WARNING:used_ids.h(55)] Duplicate id found. Reassigning from 104 to 127
[0515/114327.134:WARNING:used_ids.h(55)] Duplicate id found. Reassigning from 102 to 125
[0515/114327.134:WARNING:used_ids.h(55)] Duplicate id found. Reassigning from 104 to 124
[0515/114327.134:WARNING:used_ids.h(55)] Duplicate id found. Reassigning from 106 to 123
[0515/114327.134:WARNING:used_ids.h(55)] Duplicate id found. Reassigning from 103 to 122
[0515/114327.134:WARNING:used_ids.h(55)] Duplicate id found. Reassigning from 105 to 121
[0515/114327.134:WARNING:used_ids.h(55)] Duplicate id found. Reassigning from 109 to 120
[0515/114327.134:WARNING:used_ids.h(55)] Duplicate id found. Reassigning from 1 to 14
[0515/114327.134:WARNING:used_ids.h(55)] Duplicate id found. Reassigning from 3 to 13
[0515/114327.134:WARNING:used_ids.h(55)] Duplicate id found. Reassigning from 5 to 12
[0515/114327.134:WARNING:used_ids.h(55)] Duplicate id found. Reassigning from 6 to 11
[0515/114344.719:ERROR:batching_media_log.cc(38)] MediaEvent: {"error":"FFmpegDemuxer: no supported streams"}
[0515/114344.719:ERROR:batching_media_log.cc(35)] MediaEvent: {"pipeline_error":14}
[0515/114347.110:ERROR:batching_media_log.cc(38)] MediaEvent: {"error":"FFmpegDemuxer: no supported streams"}
[0515/114347.110:ERROR:batching_media_log.cc(35)] MediaEvent: {"pipeline_error":14}
[0515/114408.067:WARNING:used_ids.h(55)] Duplicate id found. Reassigning from 104 to 127
[0515/114408.067:WARNING:used_ids.h(55)] Duplicate id found. Reassigning from 103 to 125
[0515/114408.067:WARNING:used_ids.h(55)] Duplicate id found. Reassigning from 1 to 14
[0515/114408.067:WARNING:used_ids.h(55)] Duplicate id found. Reassigning from 3 to 13
[0515/114408.067:WARNING:used_ids.h(55)] Duplicate id found. Reassigning from 5 to 12
[0515/114408.067:WARNING:used_ids.h(55)] Duplicate id found. Reassigning from 6 to 11
[0515/114408.067:ERROR:audio_rtp_receiver.cc(89)] AudioRtpReceiver::OnSetVolume: No audio channel exists.
[0515/114418.570:ERROR:audio_rtp_receiver.cc(89)] AudioRtpReceiver::OnSetVolume: No audio channel exists.
[0515/114418.570:WARNING:used_ids.h(55)] Duplicate id found. Reassigning from 104 to 127
[0515/114418.570:WARNING:used_ids.h(55)] Duplicate id found. Reassigning from 102 to 125
[0515/114418.570:WARNING:used_ids.h(55)] Duplicate id found. Reassigning from 104 to 124
[0515/114418.570:WARNING:used_ids.h(55)] Duplicate id found. Reassigning from 106 to 123
[0515/114418.570:WARNING:used_ids.h(55)] Duplicate id found. Reassigning from 103 to 122
[0515/114418.570:WARNING:used_ids.h(55)] Duplicate id found. Reassigning from 105 to 121
[0515/114418.570:WARNING:used_ids.h(55)] Duplicate id found. Reassigning from 109 to 120
[0515/114418.570:WARNING:used_ids.h(55)] Duplicate id found. Reassigning from 1 to 14
[0515/114418.570:WARNING:used_ids.h(55)] Duplicate id found. Reassigning from 3 to 13
[0515/114418.570:WARNING:used_ids.h(55)] Duplicate id found. Reassigning from 5 to 12
[0515/114418.570:WARNING:used_ids.h(55)] Duplicate id found. Reassigning from 6 to 11
[0515/114438.366:ERROR:batching_media_log.cc(38)] MediaEvent: {"error":"FFmpegDemuxer: no supported streams"}
[0515/114438.368:ERROR:batching_media_log.cc(35)] MediaEvent: {"pipeline_error":14}
[0515/114438.368:ERROR:batching_media_log.cc(38)] MediaEvent: {"error":"FFmpegDemuxer: no supported streams"}
[0515/114438.368:ERROR:batching_media_log.cc(35)] MediaEvent: {"pipeline_error":14}
[0515/114551.115:WARNING:ipc_message_attachment_set.cc(49)] MessageAttachmentSet destroyed with unconsumed attachments: 0/1
